# JRE version: Java(TM) SE Runtime Environment (8.0_151-b12) (build 1.8.0_151-b12)
# Java VM: Java HotSpot(TM) 64-Bit Server VM (25.151-b12 mixed mode windows-amd64 compressed oops)
Heap:
 PSYoungGen      total 65024K, used 15117K [0x00000000eb600000, 0x00000000f0580000, 0x0000000100000000)
  eden space 56320K, 19% used [0x00000000eb600000,0x00000000ec0dc480,0x00000000eed00000)
  from space 8704K, 45% used [0x00000000eed00000,0x00000000ef0e6f88,0x00000000ef580000)
  to   space 8704K, 0% used [0x00000000efd00000,0x00000000efd00000,0x00000000f0580000)
 ParOldGen       total 71168K, used 61879K [0x00000000c2200000, 0x00000000c6780000, 0x00000000eb600000)
  object space 71168K, 86% used [0x00000000c2200000,0x00000000c5e6dfd8,0x00000000c6780000)
 Metaspace       used 28071K, capacity 29222K, committed 29568K, reserved 1075200K
  class space    used 3660K, capacity 3890K, committed 3968K, reserved 1048576K
GC Heap History (10 events):
Event: 35.415 GC heap before
{Heap before GC invocations=20 (full 1):
 PSYoungGen      total 52224K, used 45516K [0x00000000eb600000, 0x00000000ef380000, 0x0000000100000000)
  eden space 42496K, 97% used [0x00000000eb600000,0x00000000ede840d8,0x00000000edf80000)
  from space 9728K, 41% used [0x00000000eea00000,0x00000000eedeef88,0x00000000ef380000)
  to   space 10240K, 0% used [0x00000000edf80000,0x00000000edf80000,0x00000000ee980000)
 ParOldGen       total 71168K, used 61839K [0x00000000c2200000, 0x00000000c6780000, 0x00000000eb600000)
  object space 71168K, 86% used [0x00000000c2200000,0x00000000c5e63fd8,0x00000000c6780000)
 Metaspace       used 27929K, capacity 29030K, committed 29312K, reserved 1075200K
  class space    used 3660K, capacity 3890K, committed 3968K, reserved 1048576K
Event: 35.419 GC heap after
Heap after GC invocations=20 (full 1):
 PSYoungGen      total 52736K, used 5227K [0x00000000eb600000, 0x00000000ef900000, 0x0000000100000000)
  eden space 42496K, 0% used [0x00000000eb600000,0x00000000eb600000,0x00000000edf80000)
  from space 10240K, 51% used [0x00000000edf80000,0x00000000ee49af98,0x00000000ee980000)
  to   space 9728K, 0% used [0x00000000eef80000,0x00000000eef80000,0x00000000ef900000)
 ParOldGen       total 71168K, used 61847K [0x00000000c2200000, 0x00000000c6780000, 0x00000000eb600000)
  object space 71168K, 86% used [0x00000000c2200000,0x00000000c5e65fd8,0x00000000c6780000)
 Metaspace       used 27929K, capacity 29030K, committed 29312K, reserved 1075200K
  class space    used 3660K, capacity 3890K, committed 3968K, reserved 1048576K
}
Event: 36.257 GC heap before
{Heap before GC invocations=21 (full 1):
 PSYoungGen      total 52736K, used 46783K [0x00000000eb600000, 0x00000000ef900000, 0x0000000100000000)
  eden space 42496K, 97% used [0x00000000eb600000,0x00000000ede95040,0x00000000edf80000)
  from space 10240K, 51% used [0x00000000edf80000,0x00000000ee49af98,0x00000000ee980000)
  to   space 9728K, 0% used [0x00000000eef80000,0x00000000eef80000,0x00000000ef900000)
 ParOldGen       total 71168K, used 61847K [0x00000000c2200000, 0x00000000c6780000, 0x00000000eb600000)
  object space 71168K, 86% used [0x00000000c2200000,0x00000000c5e65fd8,0x00000000c6780000)
 Metaspace       used 27964K, capacity 29030K, committed 29312K, reserved 1075200K
  class space    used 3660K, capacity 3890K, committed 3968K, reserved 1048576K
Event: 36.261 GC heap after
Heap after GC invocations=21 (full 1):
 PSYoungGen      total 57856K, used 4027K [0x00000000eb600000, 0x00000000ef800000, 0x0000000100000000)
  eden space 49152K, 0% used [0x00000000eb600000,0x00000000eb600000,0x00000000ee600000)
  from space 8704K, 46% used [0x00000000eef80000,0x00000000ef36ef88,0x00000000ef800000)
  to   space 9216K, 0% used [0x00000000ee600000,0x00000000ee600000,0x00000000eef00000)
 ParOldGen       total 71168K, used 61855K [0x00000000c2200000, 0x00000000c6780000, 0x00000000eb600000)
  object space 71168K, 86% used [0x00000000c2200000,0x00000000c5e67fd8,0x00000000c6780000)
 Metaspace       used 27964K, capacity 29030K, committed 29312K, reserved 1075200K
  class space    used 3660K, capacity 3890K, committed 3968K, reserved 1048576K
}
Event: 37.713 GC heap before
{Heap before GC invocations=22 (full 1):
 PSYoungGen      total 57856K, used 52947K [0x00000000eb600000, 0x00000000ef800000, 0x0000000100000000)
  eden space 49152K, 99% used [0x00000000eb600000,0x00000000ee5c6010,0x00000000ee600000)
  from space 8704K, 46% used [0x00000000eef80000,0x00000000ef36ef88,0x00000000ef800000)
  to   space 9216K, 0% used [0x00000000ee600000,0x00000000ee600000,0x00000000eef00000)
 ParOldGen       total 71168K, used 61855K [0x00000000c2200000, 0x00000000c6780000, 0x00000000eb600000)
  object space 71168K, 86% used [0x00000000c2200000,0x00000000c5e67fd8,0x00000000c6780000)
 Metaspace       used 28027K, capacity 29158K, committed 29312K, reserved 1075200K
  class space    used 3660K, capacity 3890K, committed 3968K, reserved 1048576K
Event: 37.722 GC heap after
Heap after GC invocations=22 (full 1):
 PSYoungGen      total 58368K, used 5227K [0x00000000eb600000, 0x00000000eff00000, 0x0000000100000000)
  eden space 49152K, 0% used [0x00000000eb600000,0x00000000eb600000,0x00000000ee600000)
  from space 9216K, 56% used [0x00000000ee600000,0x00000000eeb1af98,0x00000000eef00000)
  to   space 9216K, 0% used [0x00000000ef600000,0x00000000ef600000,0x00000000eff00000)
 ParOldGen       total 71168K, used 61863K [0x00000000c2200000, 0x00000000c6780000, 0x00000000eb600000)
  object space 71168K, 86% used [0x00000000c2200000,0x00000000c5e69fd8,0x00000000c6780000)
 Metaspace       used 28027K, capacity 29158K, committed 29312K, reserved 1075200K
  class space    used 3660K, capacity 3890K, committed 3968K, reserved 1048576K
}
Event: 38.561 GC heap before
{Heap before GC invocations=23 (full 1):
 PSYoungGen      total 58368K, used 54294K [0x00000000eb600000, 0x00000000eff00000, 0x0000000100000000)
  eden space 49152K, 99% used [0x00000000eb600000,0x00000000ee5eac00,0x00000000ee600000)
  from space 9216K, 56% used [0x00000000ee600000,0x00000000eeb1af98,0x00000000eef00000)
  to   space 9216K, 0% used [0x00000000ef600000,0x00000000ef600000,0x00000000eff00000)
 ParOldGen       total 71168K, used 61863K [0x00000000c2200000, 0x00000000c6780000, 0x00000000eb600000)
  object space 71168K, 86% used [0x00000000c2200000,0x00000000c5e69fd8,0x00000000c6780000)
 Metaspace       used 28047K, capacity 29158K, committed 29312K, reserved 1075200K
  class space    used 3660K, capacity 3890K, committed 3968K, reserved 1048576K
Event: 38.565 GC heap after
Heap after GC invocations=23 (full 1):
 PSYoungGen      total 64512K, used 4027K [0x00000000eb600000, 0x00000000efe00000, 0x0000000100000000)
  eden space 56320K, 0% used [0x00000000eb600000,0x00000000eb600000,0x00000000eed00000)
  from space 8192K, 49% used [0x00000000ef600000,0x00000000ef9eef88,0x00000000efe00000)
  to   space 8704K, 0% used [0x00000000eed00000,0x00000000eed00000,0x00000000ef580000)
 ParOldGen       total 71168K, used 61871K [0x00000000c2200000, 0x00000000c6780000, 0x00000000eb600000)
  object space 71168K, 86% used [0x00000000c2200000,0x00000000c5e6bfd8,0x00000000c6780000)
 Metaspace       used 28047K, capacity 29158K, committed 29312K, reserved 1075200K
  class space    used 3660K, capacity 3890K, committed 3968K, reserved 1048576K
}
Event: 39.586 GC heap before
{Heap before GC invocations=24 (full 1):
 PSYoungGen      total 64512K, used 59401K [0x00000000eb600000, 0x00000000efe00000, 0x0000000100000000)
  eden space 56320K, 98% used [0x00000000eb600000,0x00000000eec13638,0x00000000eed00000)
  from space 8192K, 49% used [0x00000000ef600000,0x00000000ef9eef88,0x00000000efe00000)
  to   space 8704K, 0% used [0x00000000eed00000,0x00000000eed00000,0x00000000ef580000)
 ParOldGen       total 71168K, used 61871K [0x00000000c2200000, 0x00000000c6780000, 0x00000000eb600000)
  object space 71168K, 86% used [0x00000000c2200000,0x00000000c5e6bfd8,0x00000000c6780000)
 Metaspace       used 28070K, capacity 29222K, committed 29568K, reserved 1075200K
  class space    used 3660K, capacity 3890K, committed 3968K, reserved 1048576K
Event: 39.590 GC heap after
Heap after GC invocations=24 (full 1):
 PSYoungGen      total 65024K, used 3995K [0x00000000eb600000, 0x00000000f0580000, 0x0000000100000000)
  eden space 56320K, 0% used [0x00000000eb600000,0x00000000eb600000,0x00000000eed00000)
  from space 8704K, 45% used [0x00000000eed00000,0x00000000ef0e6f88,0x00000000ef580000)
  to   space 8704K, 0% used [0x00000000efd00000,0x00000000efd00000,0x00000000f0580000)
 ParOldGen       total 71168K, used 61879K [0x00000000c2200000, 0x00000000c6780000, 0x00000000eb600000)
  object space 71168K, 86% used [0x00000000c2200000,0x00000000c5e6dfd8,0x00000000c6780000)
 Metaspace       used 28070K, capacity 29222K, committed 29568K, reserved 1075200K
  class space    used 3660K, capacity 3890K, committed 3968K, reserved 1048576K
}

