# JRE version: Java(TM) SE Runtime Environment (8.0_151-b12) (build 1.8.0_151-b12)
# Java VM: Java HotSpot(TM) 64-Bit Server VM (25.151-b12 mixed mode windows-amd64 compressed oops)
Heap:
 PSYoungGen      total 59904K, used 22205K [0x00000000eb600000, 0x00000000f0700000, 0x0000000100000000)
  eden space 44544K, 18% used [0x00000000eb600000,0x00000000ebe0be28,0x00000000ee180000)
  from space 15360K, 90% used [0x00000000ef280000,0x00000000f0023690,0x00000000f0180000)
  to   space 17408K, 0% used [0x00000000ee180000,0x00000000ee180000,0x00000000ef280000)
 ParOldGen       total 71680K, used 40545K [0x00000000c2200000, 0x00000000c6800000, 0x00000000eb600000)
  object space 71680K, 56% used [0x00000000c2200000,0x00000000c4998628,0x00000000c6800000)
 Metaspace       used 28651K, capacity 29694K, committed 29824K, reserved 1075200K
  class space    used 3726K, capacity 3966K, committed 3968K, reserved 1048576K
GC Heap History (10 events):
Event: 131.976 GC heap before
{Heap before GC invocations=9 (full 1):
 PSYoungGen      total 36352K, used 28592K [0x00000000eb600000, 0x00000000eee80000, 0x0000000100000000)
  eden space 25088K, 100% used [0x00000000eb600000,0x00000000ece80000,0x00000000ece80000)
  from space 11264K, 31% used [0x00000000ece80000,0x00000000ed1ec010,0x00000000ed980000)
  to   space 10752K, 0% used [0x00000000ee400000,0x00000000ee400000,0x00000000eee80000)
 ParOldGen       total 71680K, used 37947K [0x00000000c2200000, 0x00000000c6800000, 0x00000000eb600000)
  object space 71680K, 52% used [0x00000000c2200000,0x00000000c470ee18,0x00000000c6800000)
 Metaspace       used 23806K, capacity 24914K, committed 25088K, reserved 1071104K
  class space    used 3296K, capacity 3560K, committed 3584K, reserved 1048576K
Event: 131.986 GC heap after
Heap after GC invocations=9 (full 1):
 PSYoungGen      total 45056K, used 9454K [0x00000000eb600000, 0x00000000eef80000, 0x0000000100000000)
  eden space 34304K, 0% used [0x00000000eb600000,0x00000000eb600000,0x00000000ed780000)
  from space 10752K, 87% used [0x00000000ee400000,0x00000000eed3bbe0,0x00000000eee80000)
  to   space 12288K, 0% used [0x00000000ed780000,0x00000000ed780000,0x00000000ee380000)
 ParOldGen       total 71680K, used 40521K [0x00000000c2200000, 0x00000000c6800000, 0x00000000eb600000)
  object space 71680K, 56% used [0x00000000c2200000,0x00000000c4992628,0x00000000c6800000)
 Metaspace       used 23806K, capacity 24914K, committed 25088K, reserved 1071104K
  class space    used 3296K, capacity 3560K, committed 3584K, reserved 1048576K
}
Event: 133.766 GC heap before
{Heap before GC invocations=10 (full 1):
 PSYoungGen      total 45056K, used 43758K [0x00000000eb600000, 0x00000000eef80000, 0x0000000100000000)
  eden space 34304K, 100% used [0x00000000eb600000,0x00000000ed780000,0x00000000ed780000)
  from space 10752K, 87% used [0x00000000ee400000,0x00000000eed3bbe0,0x00000000eee80000)
  to   space 12288K, 0% used [0x00000000ed780000,0x00000000ed780000,0x00000000ee380000)
 ParOldGen       total 71680K, used 40521K [0x00000000c2200000, 0x00000000c6800000, 0x00000000eb600000)
  object space 71680K, 56% used [0x00000000c2200000,0x00000000c4992628,0x00000000c6800000)
 Metaspace       used 24106K, capacity 25170K, committed 25344K, reserved 1071104K
  class space    used 3329K, capacity 3560K, committed 3584K, reserved 1048576K
Event: 133.772 GC heap after
Heap after GC invocations=10 (full 1):
 PSYoungGen      total 46592K, used 9296K [0x00000000eb600000, 0x00000000ef780000, 0x0000000100000000)
  eden space 34304K, 0% used [0x00000000eb600000,0x00000000eb600000,0x00000000ed780000)
  from space 12288K, 75% used [0x00000000ed780000,0x00000000ee094020,0x00000000ee380000)
  to   space 12800K, 0% used [0x00000000eeb00000,0x00000000eeb00000,0x00000000ef780000)
 ParOldGen       total 71680K, used 40521K [0x00000000c2200000, 0x00000000c6800000, 0x00000000eb600000)
  object space 71680K, 56% used [0x00000000c2200000,0x00000000c4992628,0x00000000c6800000)
 Metaspace       used 24106K, capacity 25170K, committed 25344K, reserved 1071104K
  class space    used 3329K, capacity 3560K, committed 3584K, reserved 1048576K
}
Event: 135.952 GC heap before
{Heap before GC invocations=11 (full 1):
 PSYoungGen      total 46592K, used 43600K [0x00000000eb600000, 0x00000000ef780000, 0x0000000100000000)
  eden space 34304K, 100% used [0x00000000eb600000,0x00000000ed780000,0x00000000ed780000)
  from space 12288K, 75% used [0x00000000ed780000,0x00000000ee094020,0x00000000ee380000)
  to   space 12800K, 0% used [0x00000000eeb00000,0x00000000eeb00000,0x00000000ef780000)
 ParOldGen       total 71680K, used 40521K [0x00000000c2200000, 0x00000000c6800000, 0x00000000eb600000)
  object space 71680K, 56% used [0x00000000c2200000,0x00000000c4992628,0x00000000c6800000)
 Metaspace       used 27525K, capacity 28532K, committed 28800K, reserved 1075200K
  class space    used 3648K, capacity 3863K, committed 3968K, reserved 1048576K
Event: 135.962 GC heap after
Heap after GC invocations=11 (full 1):
 PSYoungGen      total 52224K, used 12264K [0x00000000eb600000, 0x00000000efb00000, 0x0000000100000000)
  eden space 39424K, 0% used [0x00000000eb600000,0x00000000eb600000,0x00000000edc80000)
  from space 12800K, 95% used [0x00000000eeb00000,0x00000000ef6fa258,0x00000000ef780000)
  to   space 14848K, 0% used [0x00000000edc80000,0x00000000edc80000,0x00000000eeb00000)
 ParOldGen       total 71680K, used 40529K [0x00000000c2200000, 0x00000000c6800000, 0x00000000eb600000)
  object space 71680K, 56% used [0x00000000c2200000,0x00000000c4994628,0x00000000c6800000)
 Metaspace       used 27525K, capacity 28532K, committed 28800K, reserved 1075200K
  class space    used 3648K, capacity 3863K, committed 3968K, reserved 1048576K
}
Event: 137.476 GC heap before
{Heap before GC invocations=12 (full 1):
 PSYoungGen      total 52224K, used 51395K [0x00000000eb600000, 0x00000000efb00000, 0x0000000100000000)
  eden space 39424K, 99% used [0x00000000eb600000,0x00000000edc36bb0,0x00000000edc80000)
  from space 12800K, 95% used [0x00000000eeb00000,0x00000000ef6fa258,0x00000000ef780000)
  to   space 14848K, 0% used [0x00000000edc80000,0x00000000edc80000,0x00000000eeb00000)
 ParOldGen       total 71680K, used 40529K [0x00000000c2200000, 0x00000000c6800000, 0x00000000eb600000)
  object space 71680K, 56% used [0x00000000c2200000,0x00000000c4994628,0x00000000c6800000)
 Metaspace       used 28493K, capacity 29600K, committed 29824K, reserved 1075200K
  class space    used 3723K, capacity 3961K, committed 3968K, reserved 1048576K
Event: 137.485 GC heap after
Heap after GC invocations=12 (full 1):
 PSYoungGen      total 54272K, used 11283K [0x00000000eb600000, 0x00000000f0180000, 0x0000000100000000)
  eden space 39424K, 0% used [0x00000000eb600000,0x00000000eb600000,0x00000000edc80000)
  from space 14848K, 75% used [0x00000000edc80000,0x00000000ee784c10,0x00000000eeb00000)
  to   space 15360K, 0% used [0x00000000ef280000,0x00000000ef280000,0x00000000f0180000)
 ParOldGen       total 71680K, used 40537K [0x00000000c2200000, 0x00000000c6800000, 0x00000000eb600000)
  object space 71680K, 56% used [0x00000000c2200000,0x00000000c4996628,0x00000000c6800000)
 Metaspace       used 28493K, capacity 29600K, committed 29824K, reserved 1075200K
  class space    used 3723K, capacity 3961K, committed 3968K, reserved 1048576K
}
Event: 138.533 GC heap before
{Heap before GC invocations=13 (full 1):
 PSYoungGen      total 54272K, used 50359K [0x00000000eb600000, 0x00000000f0180000, 0x0000000100000000)
  eden space 39424K, 99% used [0x00000000eb600000,0x00000000edc291c0,0x00000000edc80000)
  from space 14848K, 75% used [0x00000000edc80000,0x00000000ee784c10,0x00000000eeb00000)
  to   space 15360K, 0% used [0x00000000ef280000,0x00000000ef280000,0x00000000f0180000)
 ParOldGen       total 71680K, used 40537K [0x00000000c2200000, 0x00000000c6800000, 0x00000000eb600000)
  object space 71680K, 56% used [0x00000000c2200000,0x00000000c4996628,0x00000000c6800000)
 Metaspace       used 28642K, capacity 29694K, committed 29824K, reserved 1075200K
  class space    used 3726K, capacity 3966K, committed 3968K, reserved 1048576K
Event: 138.547 GC heap after
Heap after GC invocations=13 (full 1):
 PSYoungGen      total 59904K, used 13965K [0x00000000eb600000, 0x00000000f0700000, 0x0000000100000000)
  eden space 44544K, 0% used [0x00000000eb600000,0x00000000eb600000,0x00000000ee180000)
  from space 15360K, 90% used [0x00000000ef280000,0x00000000f0023690,0x00000000f0180000)
  to   space 17408K, 0% used [0x00000000ee180000,0x00000000ee180000,0x00000000ef280000)
 ParOldGen       total 71680K, used 40545K [0x00000000c2200000, 0x00000000c6800000, 0x00000000eb600000)
  object space 71680K, 56% used [0x00000000c2200000,0x00000000c4998628,0x00000000c6800000)
 Metaspace       used 28642K, capacity 29694K, committed 29824K, reserved 1075200K
  class space    used 3726K, capacity 3966K, committed 3968K, reserved 1048576K
}

