# JRE version: Java(TM) SE Runtime Environment (8.0_151-b12) (build 1.8.0_151-b12)
# Java VM: Java HotSpot(TM) 64-Bit Server VM (25.151-b12 mixed mode windows-amd64 compressed oops)
Heap:
 PSYoungGen      total 80384K, used 54147K [0x00000000eb600000, 0x00000000f1900000, 0x0000000100000000)
  eden space 65024K, 81% used [0x00000000eb600000,0x00000000ee994e68,0x00000000ef580000)
  from space 15360K, 8% used [0x00000000ef580000,0x00000000ef6cc010,0x00000000f0480000)
  to   space 14848K, 0% used [0x00000000f0a80000,0x00000000f0a80000,0x00000000f1900000)
 ParOldGen       total 69120K, used 53552K [0x00000000c2200000, 0x00000000c6580000, 0x00000000eb600000)
  object space 69120K, 77% used [0x00000000c2200000,0x00000000c564c1f8,0x00000000c6580000)
 Metaspace       used 28076K, capacity 29188K, committed 29312K, reserved 1075200K
  class space    used 3636K, capacity 3919K, committed 3968K, reserved 1048576K
GC Heap History (10 events):
Event: 78.318 GC heap before
{Heap before GC invocations=22 (full 1):
 PSYoungGen      total 64512K, used 51731K [0x00000000eb600000, 0x00000000f0700000, 0x0000000100000000)
  eden space 48128K, 99% used [0x00000000eb600000,0x00000000ee4d8e40,0x00000000ee500000)
  from space 16384K, 22% used [0x00000000ef700000,0x00000000efaac030,0x00000000f0700000)
  to   space 17408K, 0% used [0x00000000ee500000,0x00000000ee500000,0x00000000ef600000)
 ParOldGen       total 69120K, used 52296K [0x00000000c2200000, 0x00000000c6580000, 0x00000000eb600000)
  object space 69120K, 75% used [0x00000000c2200000,0x00000000c55121e8,0x00000000c6580000)
 Metaspace       used 27943K, capacity 29048K, committed 29312K, reserved 1075200K
  class space    used 3636K, capacity 3919K, committed 3968K, reserved 1048576K
Event: 78.321 GC heap after
Heap after GC invocations=22 (full 1):
 PSYoungGen      total 65536K, used 4960K [0x00000000eb600000, 0x00000000f0e80000, 0x0000000100000000)
  eden space 48128K, 0% used [0x00000000eb600000,0x00000000eb600000,0x00000000ee500000)
  from space 17408K, 28% used [0x00000000ee500000,0x00000000ee9d8040,0x00000000ef600000)
  to   space 16384K, 0% used [0x00000000efe80000,0x00000000efe80000,0x00000000f0e80000)
 ParOldGen       total 69120K, used 52320K [0x00000000c2200000, 0x00000000c6580000, 0x00000000eb600000)
  object space 69120K, 75% used [0x00000000c2200000,0x00000000c55181e8,0x00000000c6580000)
 Metaspace       used 27943K, capacity 29048K, committed 29312K, reserved 1075200K
  class space    used 3636K, capacity 3919K, committed 3968K, reserved 1048576K
}
Event: 79.691 GC heap before
{Heap before GC invocations=23 (full 1):
 PSYoungGen      total 65536K, used 52957K [0x00000000eb600000, 0x00000000f0e80000, 0x0000000100000000)
  eden space 48128K, 99% used [0x00000000eb600000,0x00000000ee4df3f0,0x00000000ee500000)
  from space 17408K, 28% used [0x00000000ee500000,0x00000000ee9d8040,0x00000000ef600000)
  to   space 16384K, 0% used [0x00000000efe80000,0x00000000efe80000,0x00000000f0e80000)
 ParOldGen       total 69120K, used 52320K [0x00000000c2200000, 0x00000000c6580000, 0x00000000eb600000)
  object space 69120K, 75% used [0x00000000c2200000,0x00000000c55181e8,0x00000000c6580000)
 Metaspace       used 27972K, capacity 29048K, committed 29312K, reserved 1075200K
  class space    used 3636K, capacity 3919K, committed 3968K, reserved 1048576K
Event: 79.694 GC heap after
Heap after GC invocations=23 (full 1):
 PSYoungGen      total 71168K, used 3728K [0x00000000eb600000, 0x00000000f0c80000, 0x0000000100000000)
  eden space 56832K, 0% used [0x00000000eb600000,0x00000000eb600000,0x00000000eed80000)
  from space 14336K, 26% used [0x00000000efe80000,0x00000000f0224030,0x00000000f0c80000)
  to   space 15872K, 0% used [0x00000000eed80000,0x00000000eed80000,0x00000000efd00000)
 ParOldGen       total 69120K, used 52328K [0x00000000c2200000, 0x00000000c6580000, 0x00000000eb600000)
  object space 69120K, 75% used [0x00000000c2200000,0x00000000c551a1e8,0x00000000c6580000)
 Metaspace       used 27972K, capacity 29048K, committed 29312K, reserved 1075200K
  class space    used 3636K, capacity 3919K, committed 3968K, reserved 1048576K
}
Event: 80.762 GC heap before
{Heap before GC invocations=24 (full 1):
 PSYoungGen      total 71168K, used 59929K [0x00000000eb600000, 0x00000000f0c80000, 0x0000000100000000)
  eden space 56832K, 98% used [0x00000000eb600000,0x00000000eece24b0,0x00000000eed80000)
  from space 14336K, 26% used [0x00000000efe80000,0x00000000f0224030,0x00000000f0c80000)
  to   space 15872K, 0% used [0x00000000eed80000,0x00000000eed80000,0x00000000efd00000)
 ParOldGen       total 69120K, used 52328K [0x00000000c2200000, 0x00000000c6580000, 0x00000000eb600000)
  object space 69120K, 75% used [0x00000000c2200000,0x00000000c551a1e8,0x00000000c6580000)
 Metaspace       used 27986K, capacity 29112K, committed 29312K, reserved 1075200K
  class space    used 3636K, capacity 3919K, committed 3968K, reserved 1048576K
Event: 80.764 GC heap after
Heap after GC invocations=24 (full 1):
 PSYoungGen      total 72704K, used 1360K [0x00000000eb600000, 0x00000000f1500000, 0x0000000100000000)
  eden space 56832K, 0% used [0x00000000eb600000,0x00000000eb600000,0x00000000eed80000)
  from space 15872K, 8% used [0x00000000eed80000,0x00000000eeed4010,0x00000000efd00000)
  to   space 15872K, 0% used [0x00000000f0580000,0x00000000f0580000,0x00000000f1500000)
 ParOldGen       total 69120K, used 52336K [0x00000000c2200000, 0x00000000c6580000, 0x00000000eb600000)
  object space 69120K, 75% used [0x00000000c2200000,0x00000000c551c1e8,0x00000000c6580000)
 Metaspace       used 27986K, capacity 29112K, committed 29312K, reserved 1075200K
  class space    used 3636K, capacity 3919K, committed 3968K, reserved 1048576K
}
Event: 81.820 GC heap before
{Heap before GC invocations=25 (full 1):
 PSYoungGen      total 72704K, used 57684K [0x00000000eb600000, 0x00000000f1500000, 0x0000000100000000)
  eden space 56832K, 99% used [0x00000000eb600000,0x00000000eed01210,0x00000000eed80000)
  from space 15872K, 8% used [0x00000000eed80000,0x00000000eeed4010,0x00000000efd00000)
  to   space 15872K, 0% used [0x00000000f0580000,0x00000000f0580000,0x00000000f1500000)
 ParOldGen       total 69120K, used 52336K [0x00000000c2200000, 0x00000000c6580000, 0x00000000eb600000)
  object space 69120K, 75% used [0x00000000c2200000,0x00000000c551c1e8,0x00000000c6580000)
 Metaspace       used 28013K, capacity 29124K, committed 29312K, reserved 1075200K
  class space    used 3636K, capacity 3919K, committed 3968K, reserved 1048576K
Event: 81.823 GC heap after
Heap after GC invocations=25 (full 1):
 PSYoungGen      total 79360K, used 4960K [0x00000000eb600000, 0x00000000f1380000, 0x0000000100000000)
  eden space 65024K, 0% used [0x00000000eb600000,0x00000000eb600000,0x00000000ef580000)
  from space 14336K, 34% used [0x00000000f0580000,0x00000000f0a58040,0x00000000f1380000)
  to   space 15360K, 0% used [0x00000000ef580000,0x00000000ef580000,0x00000000f0480000)
 ParOldGen       total 69120K, used 52344K [0x00000000c2200000, 0x00000000c6580000, 0x00000000eb600000)
  object space 69120K, 75% used [0x00000000c2200000,0x00000000c551e1e8,0x00000000c6580000)
 Metaspace       used 28013K, capacity 29124K, committed 29312K, reserved 1075200K
  class space    used 3636K, capacity 3919K, committed 3968K, reserved 1048576K
}
Event: 82.834 GC heap before
{Heap before GC invocations=26 (full 1):
 PSYoungGen      total 79360K, used 69939K [0x00000000eb600000, 0x00000000f1380000, 0x0000000100000000)
  eden space 65024K, 99% used [0x00000000eb600000,0x00000000ef574f30,0x00000000ef580000)
  from space 14336K, 34% used [0x00000000f0580000,0x00000000f0a58040,0x00000000f1380000)
  to   space 15360K, 0% used [0x00000000ef580000,0x00000000ef580000,0x00000000f0480000)
 ParOldGen       total 69120K, used 53544K [0x00000000c2200000, 0x00000000c6580000, 0x00000000eb600000)
  object space 69120K, 77% used [0x00000000c2200000,0x00000000c564a1f8,0x00000000c6580000)
 Metaspace       used 28032K, capacity 29188K, committed 29312K, reserved 1075200K
  class space    used 3636K, capacity 3919K, committed 3968K, reserved 1048576K
Event: 82.836 GC heap after
Heap after GC invocations=26 (full 1):
 PSYoungGen      total 80384K, used 1328K [0x00000000eb600000, 0x00000000f1900000, 0x0000000100000000)
  eden space 65024K, 0% used [0x00000000eb600000,0x00000000eb600000,0x00000000ef580000)
  from space 15360K, 8% used [0x00000000ef580000,0x00000000ef6cc010,0x00000000f0480000)
  to   space 14848K, 0% used [0x00000000f0a80000,0x00000000f0a80000,0x00000000f1900000)
 ParOldGen       total 69120K, used 53552K [0x00000000c2200000, 0x00000000c6580000, 0x00000000eb600000)
  object space 69120K, 77% used [0x00000000c2200000,0x00000000c564c1f8,0x00000000c6580000)
 Metaspace       used 28032K, capacity 29188K, committed 29312K, reserved 1075200K
  class space    used 3636K, capacity 3919K, committed 3968K, reserved 1048576K
}

